  88MergeSortedArray.cpp
c:\users\prettyboy\documents\visual studio 2015\projects\leetcode\leetcode\88mergesortedarray.cpp(19): warning C4018: “<”: 有符号/无符号不匹配
c:\users\prettyboy\documents\visual studio 2015\projects\leetcode\leetcode\88mergesortedarray.cpp(27): warning C4018: “<”: 有符号/无符号不匹配
c:\users\prettyboy\documents\visual studio 2015\projects\leetcode\leetcode\88mergesortedarray.cpp(30): warning C4018: “<”: 有符号/无符号不匹配
  23MergekSortedLists.cpp
c:\users\prettyboy\documents\visual studio 2015\projects\leetcode\leetcode\23mergeksortedlists.cpp(20): error C2143: 语法错误: 缺少“;”(在“*”的前面)
c:\users\prettyboy\documents\visual studio 2015\projects\leetcode\leetcode\23mergeksortedlists.cpp(20): error C4430: 缺少类型说明符 - 假定为 int。注意: C++ 不支持默认 int
c:\users\prettyboy\documents\visual studio 2015\projects\leetcode\leetcode\23mergeksortedlists.cpp(20): error C2334: “{”的前面有意外标记；跳过明显的函数体
c:\users\prettyboy\documents\visual studio 2015\projects\leetcode\leetcode\23mergeksortedlists.cpp(36): error C2143: 语法错误: 缺少“;”(在“*”的前面)
c:\users\prettyboy\documents\visual studio 2015\projects\leetcode\leetcode\23mergeksortedlists.cpp(36): error C4430: 缺少类型说明符 - 假定为 int。注意: C++ 不支持默认 int
c:\users\prettyboy\documents\visual studio 2015\projects\leetcode\leetcode\23mergeksortedlists.cpp(36): error C2065: “ListNode”: 未声明的标识符
c:\users\prettyboy\documents\visual studio 2015\projects\leetcode\leetcode\23mergeksortedlists.cpp(36): error C2059: 语法错误:“>”
c:\users\prettyboy\documents\visual studio 2015\projects\leetcode\leetcode\23mergeksortedlists.cpp(36): error C2976: “std::vector”: 模板 参数太少
  c:\program files (x86)\microsoft visual studio 14.0\vc\include\vector(678): note: 参见“std::vector”的声明
c:\users\prettyboy\documents\visual studio 2015\projects\leetcode\leetcode\23mergeksortedlists.cpp(36): error C2334: “{”的前面有意外标记；跳过明显的函数体
c:\users\prettyboy\documents\visual studio 2015\projects\leetcode\leetcode\23mergeksortedlists.cpp(49): error C4430: 缺少类型说明符 - 假定为 int。注意: C++ 不支持默认 int
c:\users\prettyboy\documents\visual studio 2015\projects\leetcode\leetcode\23mergeksortedlists.cpp(49): error C2143: 语法错误: 缺少“,”(在“*”的前面)
c:\users\prettyboy\documents\visual studio 2015\projects\leetcode\leetcode\23mergeksortedlists.cpp(54): error C2143: 语法错误: 缺少“;”(在“*”的前面)
c:\users\prettyboy\documents\visual studio 2015\projects\leetcode\leetcode\23mergeksortedlists.cpp(54): error C4430: 缺少类型说明符 - 假定为 int。注意: C++ 不支持默认 int
c:\users\prettyboy\documents\visual studio 2015\projects\leetcode\leetcode\23mergeksortedlists.cpp(54): error C2065: “ListNode”: 未声明的标识符
c:\users\prettyboy\documents\visual studio 2015\projects\leetcode\leetcode\23mergeksortedlists.cpp(54): error C2059: 语法错误:“>”
c:\users\prettyboy\documents\visual studio 2015\projects\leetcode\leetcode\23mergeksortedlists.cpp(54): error C2976: “std::vector”: 模板 参数太少
  c:\program files (x86)\microsoft visual studio 14.0\vc\include\vector(678): note: 参见“std::vector”的声明
c:\users\prettyboy\documents\visual studio 2015\projects\leetcode\leetcode\23mergeksortedlists.cpp(54): error C2334: “{”的前面有意外标记；跳过明显的函数体
c:\users\prettyboy\documents\visual studio 2015\projects\leetcode\leetcode\23mergeksortedlists.cpp(50): error C2065: “lhs”: 未声明的标识符
c:\users\prettyboy\documents\visual studio 2015\projects\leetcode\leetcode\23mergeksortedlists.cpp(50): error C2227: “->val”的左边必须指向类/结构/联合/泛型类型
  c:\users\prettyboy\documents\visual studio 2015\projects\leetcode\leetcode\23mergeksortedlists.cpp(50): note: 类型是“unknown-type”
c:\users\prettyboy\documents\visual studio 2015\projects\leetcode\leetcode\23mergeksortedlists.cpp(50): error C2065: “rhs”: 未声明的标识符
c:\users\prettyboy\documents\visual studio 2015\projects\leetcode\leetcode\23mergeksortedlists.cpp(85): error C2011: “Solution21_2”:“class”类型重定义
  c:\users\prettyboy\documents\visual studio 2015\projects\leetcode\leetcode\23mergeksortedlists.cpp(18): note: 参见“Solution21_2”的声明
  22GenerateParentheses.cpp
  21MergeTwoSortedLists.cpp
  148SortList.cpp
  147InsertionSortList.cpp
  正在生成代码...
